<?xml version="1.0"?>
<testsuites>
  <testsuite name="Get Post" file="01-Basic-Requests/01-Get Post.yml" errors="0" failures="0" skipped="0" tests="6" timestamp="2026-04-28T15:20:01.773" hostname="James---Bruno---MBP.local" time="0.163">
    <testcase name="res.status eq 200" status="pass" classname="https://jsonplaceholder.typicode.com/posts/1" time="0.027"/>
    <testcase name="res.body isJson" status="pass" classname="https://jsonplaceholder.typicode.com/posts/1" time="0.027"/>
    <testcase name="res.body.id isNumber" status="pass" classname="https://jsonplaceholder.typicode.com/posts/1" time="0.027"/>
    <testcase name="status is 200" status="pass" classname="https://jsonplaceholder.typicode.com/posts/1" time="0.027"/>
    <testcase name="response has required fields" status="pass" classname="https://jsonplaceholder.typicode.com/posts/1" time="0.027"/>
    <testcase name="id matches the requested postId" status="pass" classname="https://jsonplaceholder.typicode.com/posts/1" time="0.027"/>
  </testsuite>
  <testsuite name="Create Post" file="01-Basic-Requests/02-Create Post.yml" errors="0" failures="0" skipped="0" tests="4" timestamp="2026-04-28T15:20:01.773" hostname="James---Bruno---MBP.local" time="0.145">
    <testcase name="res.status eq 201" status="pass" classname="https://jsonplaceholder.typicode.com/posts" time="0.036"/>
    <testcase name="res.body.id isNumber" status="pass" classname="https://jsonplaceholder.typicode.com/posts" time="0.036"/>
    <testcase name="status is 201 Created" status="pass" classname="https://jsonplaceholder.typicode.com/posts" time="0.036"/>
    <testcase name="response echoes back the posted data" status="pass" classname="https://jsonplaceholder.typicode.com/posts" time="0.036"/>
  </testsuite>
  <testsuite name="Update Post" file="01-Basic-Requests/03-Update Post.yml" errors="0" failures="0" skipped="0" tests="4" timestamp="2026-04-28T15:20:01.773" hostname="James---Bruno---MBP.local" time="0.291">
    <testcase name="res.status eq 200" status="pass" classname="https://jsonplaceholder.typicode.com/posts/1" time="0.073"/>
    <testcase name="res.body.title isString" status="pass" classname="https://jsonplaceholder.typicode.com/posts/1" time="0.073"/>
    <testcase name="status is 200" status="pass" classname="https://jsonplaceholder.typicode.com/posts/1" time="0.073"/>
    <testcase name="title was updated" status="pass" classname="https://jsonplaceholder.typicode.com/posts/1" time="0.073"/>
  </testsuite>
  <testsuite name="Delete Post" file="01-Basic-Requests/04-Delete Post.yml" errors="0" failures="0" skipped="0" tests="3" timestamp="2026-04-28T15:20:01.773" hostname="James---Bruno---MBP.local" time="0.149">
    <testcase name="res.status eq 200" status="pass" classname="https://jsonplaceholder.typicode.com/posts/1" time="0.050"/>
    <testcase name="status is 200" status="pass" classname="https://jsonplaceholder.typicode.com/posts/1" time="0.050"/>
    <testcase name="response body is empty object (JSONPlaceholder behaviour)" status="pass" classname="https://jsonplaceholder.typicode.com/posts/1" time="0.050"/>
  </testsuite>
  <testsuite name="Get All Products" file="02-Chained-Requests/01-Get All Products.yml" errors="0" failures="0" skipped="0" tests="5" timestamp="2026-04-28T15:20:01.773" hostname="James---Bruno---MBP.local" time="0.156">
    <testcase name="res.status eq 200" status="pass" classname="https://dummyjson.com/products" time="0.031"/>
    <testcase name="res.body.products isArray" status="pass" classname="https://dummyjson.com/products" time="0.031"/>
    <testcase name="status is 200" status="pass" classname="https://dummyjson.com/products" time="0.031"/>
    <testcase name="products array is not empty" status="pass" classname="https://dummyjson.com/products" time="0.031"/>
    <testcase name="first product has an id and rating" status="pass" classname="https://dummyjson.com/products" time="0.031"/>
  </testsuite>
  <testsuite name="Get Top Product Detail" file="02-Chained-Requests/02-Get Top Product Detail.yml" errors="0" failures="0" skipped="0" tests="5" timestamp="2026-04-28T15:20:01.773" hostname="James---Bruno---MBP.local" time="0.184">
    <testcase name="res.status eq 200" status="pass" classname="https://dummyjson.com/products/1" time="0.037"/>
    <testcase name="res.body.id isNumber" status="pass" classname="https://dummyjson.com/products/1" time="0.037"/>
    <testcase name="status is 200" status="pass" classname="https://dummyjson.com/products/1" time="0.037"/>
    <testcase name="id matches the chained variable" status="pass" classname="https://dummyjson.com/products/1" time="0.037"/>
    <testcase name="product has stock and price" status="pass" classname="https://dummyjson.com/products/1" time="0.037"/>
  </testsuite>
  <testsuite name="Dynamic Variables" file="03-Scripting/01-Dynamic Variables.yml" errors="0" failures="0" skipped="0" tests="3" timestamp="2026-04-28T15:20:01.773" hostname="James---Bruno---MBP.local" time="0.808">
    <testcase name="res.status eq 200" status="pass" classname="https://api.open-meteo.com/v1/forecast" time="0.269"/>
    <testcase name="status is 200" status="pass" classname="https://api.open-meteo.com/v1/forecast" time="0.269"/>
    <testcase name="forecastStart variable was set by before-request script" status="pass" classname="https://api.open-meteo.com/v1/forecast" time="0.269"/>
  </testsuite>
  <testsuite name="Response Transformation" file="03-Scripting/02-Response Transformation.yml" errors="0" failures="0" skipped="0" tests="6" timestamp="2026-04-28T15:20:01.773" hostname="James---Bruno---MBP.local" time="0.292">
    <testcase name="res.status eq 200" status="pass" classname="https://api.openbrewerydb.org/v1/breweries" time="0.049"/>
    <testcase name="res.body isArray" status="pass" classname="https://api.openbrewerydb.org/v1/breweries" time="0.049"/>
    <testcase name="status is 200" status="pass" classname="https://api.openbrewerydb.org/v1/breweries" time="0.049"/>
    <testcase name="returns an array of breweries" status="pass" classname="https://api.openbrewerydb.org/v1/breweries" time="0.049"/>
    <testcase name="each brewery has name and city" status="pass" classname="https://api.openbrewerydb.org/v1/breweries" time="0.049"/>
    <testcase name="brewerySummary variable was set" status="pass" classname="https://api.openbrewerydb.org/v1/breweries" time="0.049"/>
  </testsuite>
  <testsuite name="Conditional Flow Control" file="03-Scripting/03-Conditional Flow Control.yml" errors="0" failures="0" skipped="0" tests="4" timestamp="2026-04-28T15:20:01.773" hostname="James---Bruno---MBP.local" time="0.178">
    <testcase name="res.status eq 200" status="pass" classname="https://jsonplaceholder.typicode.com/users/1" time="0.045"/>
    <testcase name="status is 200" status="pass" classname="https://jsonplaceholder.typicode.com/users/1" time="0.045"/>
    <testcase name="user has all required contact fields" status="pass" classname="https://jsonplaceholder.typicode.com/users/1" time="0.045"/>
    <testcase name="email looks valid" status="pass" classname="https://jsonplaceholder.typicode.com/users/1" time="0.045"/>
  </testsuite>
  <testsuite name="Schema Validation" file="04-Tests-and-Assertions/01-Schema Validation.yml" errors="0" failures="0" skipped="0" tests="9" timestamp="2026-04-28T15:20:01.773" hostname="James---Bruno---MBP.local" time="0.273">
    <testcase name="res.status eq 200" status="pass" classname="https://jsonplaceholder.typicode.com/users" time="0.030"/>
    <testcase name="res.body isArray" status="pass" classname="https://jsonplaceholder.typicode.com/users" time="0.030"/>
    <testcase name="res.responseTime lte 3000" status="pass" classname="https://jsonplaceholder.typicode.com/users" time="0.030"/>
    <testcase name="status is 200" status="pass" classname="https://jsonplaceholder.typicode.com/users" time="0.030"/>
    <testcase name="response is a non-empty array" status="pass" classname="https://jsonplaceholder.typicode.com/users" time="0.030"/>
    <testcase name="each user conforms to expected schema" status="pass" classname="https://jsonplaceholder.typicode.com/users" time="0.030"/>
    <testcase name="address sub-object has expected structure" status="pass" classname="https://jsonplaceholder.typicode.com/users" time="0.030"/>
    <testcase name="IDs are unique positive integers" status="pass" classname="https://jsonplaceholder.typicode.com/users" time="0.030"/>
    <testcase name="emails look valid" status="pass" classname="https://jsonplaceholder.typicode.com/users" time="0.030"/>
  </testsuite>
  <testsuite name="Response Time Check" file="04-Tests-and-Assertions/02-Response Time Check.yml" errors="0" failures="0" skipped="0" tests="6" timestamp="2026-04-28T15:20:01.773" hostname="James---Bruno---MBP.local" time="0.116">
    <testcase name="res.status eq 200" status="pass" classname="https://jsonplaceholder.typicode.com/posts" time="0.019"/>
    <testcase name="res.responseTime lte 3000" status="pass" classname="https://jsonplaceholder.typicode.com/posts" time="0.019"/>
    <testcase name="res.body isArray" status="pass" classname="https://jsonplaceholder.typicode.com/posts" time="0.019"/>
    <testcase name="status is 200" status="pass" classname="https://jsonplaceholder.typicode.com/posts" time="0.019"/>
    <testcase name="response time is under 3 seconds" status="pass" classname="https://jsonplaceholder.typicode.com/posts" time="0.019"/>
    <testcase name="content-type is JSON" status="pass" classname="https://jsonplaceholder.typicode.com/posts" time="0.019"/>
  </testsuite>
  <testsuite name="Negative Test Case" file="04-Tests-and-Assertions/03-Negative Test Case.yml" errors="0" failures="0" skipped="0" tests="3" timestamp="2026-04-28T15:20:01.773" hostname="James---Bruno---MBP.local" time="0.103">
    <testcase name="res.status eq 404" status="pass" classname="https://jsonplaceholder.typicode.com/posts/99999" time="0.034"/>
    <testcase name="status is 404 for a non-existent resource" status="pass" classname="https://jsonplaceholder.typicode.com/posts/99999" time="0.034"/>
    <testcase name="body is an empty object (JSONPlaceholder 404 behaviour)" status="pass" classname="https://jsonplaceholder.typicode.com/posts/99999" time="0.034"/>
  </testsuite>
  <testsuite name="Get User by ID" file="05-Data-Driven/01-Get User by ID.yml" errors="0" failures="3" skipped="0" tests="6" timestamp="2026-04-28T15:20:01.773" hostname="James---Bruno---MBP.local" time="0.108">
    <testcase name="res.status eq 200" status="pass" classname="https://jsonplaceholder.typicode.com/users/1" time="0.018"/>
    <testcase name="res.body.id isNumber" status="pass" classname="https://jsonplaceholder.typicode.com/users/1" time="0.018"/>
    <testcase name="[userId=NaN] name matches CSV row" status="fail" classname="https://jsonplaceholder.typicode.com/users/1" time="0.018">
      <failure type="failure" message="expected 'Leanne Graham' to equal undefined"/>
    </testcase>
    <testcase name="[userId=NaN] email matches CSV row" status="fail" classname="https://jsonplaceholder.typicode.com/users/1" time="0.018">
      <failure type="failure" message="expected 'Sincere@april.biz' to equal undefined"/>
    </testcase>
    <testcase name="[userId=NaN] id matches requested userId" status="fail" classname="https://jsonplaceholder.typicode.com/users/1" time="0.018">
      <failure type="failure" message="expected 1 to equal NaN"/>
    </testcase>
    <testcase name="[userId=NaN] status is 200" status="pass" classname="https://jsonplaceholder.typicode.com/users/1" time="0.018"/>
  </testsuite>
  <testsuite name="Health Check" file="06-Tags-and-Filtering/01-Health Check.yml" errors="0" failures="0" skipped="0" tests="4" timestamp="2026-04-28T15:20:01.773" hostname="James---Bruno---MBP.local" time="0.226">
    <testcase name="res.status eq 200" status="pass" classname="https://jsonplaceholder.typicode.com/posts/1" time="0.056"/>
    <testcase name="res.responseTime lte 2000" status="pass" classname="https://jsonplaceholder.typicode.com/posts/1" time="0.056"/>
    <testcase name="API is reachable – status 200" status="pass" classname="https://jsonplaceholder.typicode.com/posts/1" time="0.056"/>
    <testcase name="response time under 2s (health gate)" status="pass" classname="https://jsonplaceholder.typicode.com/posts/1" time="0.056"/>
  </testsuite>
  <testsuite name="List Comments" file="06-Tags-and-Filtering/02-List Comments.yml" errors="0" failures="0" skipped="0" tests="5" timestamp="2026-04-28T15:20:01.773" hostname="James---Bruno---MBP.local" time="0.265">
    <testcase name="res.status eq 200" status="pass" classname="https://jsonplaceholder.typicode.com/comments" time="0.053"/>
    <testcase name="res.body isArray" status="pass" classname="https://jsonplaceholder.typicode.com/comments" time="0.053"/>
    <testcase name="status is 200" status="pass" classname="https://jsonplaceholder.typicode.com/comments" time="0.053"/>
    <testcase name="returns an array of comments" status="pass" classname="https://jsonplaceholder.typicode.com/comments" time="0.053"/>
    <testcase name="each comment has name, email, body" status="pass" classname="https://jsonplaceholder.typicode.com/comments" time="0.053"/>
  </testsuite>
  <testsuite name="List Albums" file="06-Tags-and-Filtering/03-List Albums.yml" errors="0" failures="0" skipped="0" tests="4" timestamp="2026-04-28T15:20:01.773" hostname="James---Bruno---MBP.local" time="0.278">
    <testcase name="res.status eq 200" status="pass" classname="https://jsonplaceholder.typicode.com/albums" time="0.070"/>
    <testcase name="res.body isArray" status="pass" classname="https://jsonplaceholder.typicode.com/albums" time="0.070"/>
    <testcase name="status is 200" status="pass" classname="https://jsonplaceholder.typicode.com/albums" time="0.070"/>
    <testcase name="each album has id and title" status="pass" classname="https://jsonplaceholder.typicode.com/albums" time="0.070"/>
  </testsuite>
  <testsuite name="Brewery Search" file="06-Tags-and-Filtering/04-Brewery Search.yml" errors="0" failures="0" skipped="0" tests="3" timestamp="2026-04-28T15:20:01.773" hostname="James---Bruno---MBP.local" time="0.447">
    <testcase name="res.status eq 200" status="pass" classname="https://api.openbrewerydb.org/v1/breweries/search" time="0.149"/>
    <testcase name="res.body isJson" status="pass" classname="https://api.openbrewerydb.org/v1/breweries/search" time="0.149"/>
    <testcase name="status is 200" status="pass" classname="https://api.openbrewerydb.org/v1/breweries/search" time="0.149"/>
  </testsuite>
</testsuites>